2016-08-05 17:13:00: HunterzXP đã sử dụng lệnh '/setspawn'
2016-08-05 17:13:02: HunterzXP đã sử dụng lệnh '/op'
2016-08-05 17:13:10: HunterzXP đã sử dụng lệnh '/setspawn'
2016-08-05 17:13:12: HunterzXP đã sử dụng lệnh '/gmc'
2016-08-05 17:13:23: HunterzXP đã sử dụng lệnh '/rankuo'
2016-08-05 17:13:25: HunterzXP đã sử dụng lệnh '/rankup'
2016-08-05 17:14:22: HunterzXP đã sử dụng lệnh '/is'
2016-08-05 17:16:38: HunterzXP đã sử dụng lệnh '/sell'
2016-08-05 17:17:13: HunterzXP đã sử dụng lệnh '/ess reload'
2016-08-05 17:18:31: HunterzXP đã sử dụng lệnh '/ti'
2016-08-05 17:20:17: HunterzXP đã sử dụng lệnh '/shop'
2016-08-05 17:23:30: HunterzXP đã sử dụng lệnh '/clear'
2016-08-05 17:23:54: HunterzXP đã sử dụng lệnh '/pl'
2016-08-05 17:24:24: HunterzXP đã sử dụng lệnh '/pl'
2016-08-05 17:24:29: HunterzXP đã sử dụng lệnh '/killall mobs'
2016-08-05 17:24:48: HunterzXP đã sử dụng lệnh '/tb reload'
2016-08-05 17:24:50: HunterzXP đã sử dụng lệnh '/tl relo'
2016-08-05 17:24:53: HunterzXP đã sử dụng lệnh '/tl reload'
2016-08-05 17:25:09: HunterzXP đã sử dụng lệnh '/tl reload'
2016-08-05 17:25:10: HunterzXP đã sử dụng lệnh '/world'
2016-08-05 17:25:16: HunterzXP đã sử dụng lệnh '/wor/'
2016-08-05 17:25:18: HunterzXP đã sử dụng lệnh '/gmc'
2016-08-05 17:25:19: HunterzXP đã sử dụng lệnh '/spawn'
2016-08-05 17:25:24: HunterzXP đã sử dụng lệnh '/spawn'
2016-08-05 17:25:25: HunterzXP đã sử dụng lệnh '/spawn'
2016-08-05 17:25:27: HunterzXP đã sử dụng lệnh '/pl'
2016-08-05 17:25:34: HunterzXP đã sử dụng lệnh '/help WorldTimeRule'
2016-08-05 17:25:37: HunterzXP đã sử dụng lệnh '/wtrreload'
2016-08-05 17:25:45: HunterzXP đã sử dụng lệnh '/pt shopkeeper'
2016-08-05 17:25:48: HunterzXP đã sử dụng lệnh '/gmc'
2016-08-05 17:25:52: HunterzXP đã sử dụng lệnh '/'
2016-08-05 17:26:07: HunterzXP đã sử dụng lệnh '/pt shopkeeper'
2016-08-05 17:26:22: HunterzXP đã sử dụng lệnh '/pt'
2016-08-05 17:26:46: HunterzXP đã sử dụng lệnh '/hd create Shop &u&lShop'
2016-08-05 17:27:11: HunterzXP đã sử dụng lệnh '/hd create Trade &u&lTrade'
2016-08-05 17:27:24: HunterzXP đã sử dụng lệnh '/hd remove Trade'
2016-08-05 17:27:28: HunterzXP đã sử dụng lệnh '/hd create Trade &u&lTrade'
2016-08-05 17:27:41: HunterzXP đã sử dụng lệnh '/pl'
2016-08-05 17:27:47: HunterzXP đã sử dụng lệnh '/cl'
2016-08-05 17:27:51: HunterzXP đã sử dụng lệnh '/cleachat'
2016-08-05 17:27:54: HunterzXP đã sử dụng lệnh '/clearchat'
2016-08-05 17:27:56: HunterzXP đã sử dụng lệnh '/cr'
2016-08-05 17:28:49: HunterzXP đã sử dụng lệnh '/killall mobs'
2016-08-05 17:29:23: HunterzXP đã sử dụng lệnh '/hd create donate'
2016-08-05 17:29:28: HunterzXP đã sử dụng lệnh '/hd remove donate'
2016-08-05 17:29:34: HunterzXP đã sử dụng lệnh '/hd create donate &u&lTop Donate'
2016-08-05 17:29:49: HunterzXP đã sử dụng lệnh '/hd create money &u&lTop Money'
2016-08-05 17:31:29: HunterzXP đã sử dụng lệnh '/hd create tb &u&lThông báo'
2016-08-05 17:31:35: HunterzXP đã sử dụng lệnh '/hd remove tb'
2016-08-05 17:31:38: HunterzXP đã sử dụng lệnh '/hd create tb &u&lThông báo'
2016-08-05 17:31:55: HunterzXP đã sử dụng lệnh '/hd create topis &u&lTop Island'
2016-08-05 17:32:16: HunterzXP đã sử dụng lệnh '/hd create thongbao &u&lThông báo'
2016-08-05 17:32:33: HunterzXP đã sử dụng lệnh '/clear'
2016-08-05 17:32:42: HunterzXP đã sử dụng lệnh '/is'
2016-08-05 17:32:48: HunterzXP đã sử dụng lệnh '/itle'
2016-08-05 17:32:49: HunterzXP đã sử dụng lệnh '/itle'
2016-08-05 17:32:50: HunterzXP đã sử dụng lệnh '/title'
2016-08-05 17:32:52: HunterzXP đã sử dụng lệnh '/title HunterzXP asd'
2016-08-05 17:32:55: HunterzXP đã sử dụng lệnh '/title HunterzXP title a'
2016-08-05 17:33:07: HunterzXP đã sử dụng lệnh '/title HunterzXP Title asd times a'
2016-08-05 17:33:10: HunterzXP đã sử dụng lệnh '/title HunterzXP Title asd t'
2016-08-05 17:33:11: HunterzXP đã sử dụng lệnh '/title HunterzXP Title asd'
2016-08-05 17:33:13: HunterzXP đã sử dụng lệnh '/title HunterzXP times'
2016-08-05 17:33:14: HunterzXP đã sử dụng lệnh '/title HunterzXP times a'
2016-08-05 17:33:22: HunterzXP đã sử dụng lệnh '/title HunterzXP times 30 30 30'
2016-08-05 17:33:23: HunterzXP đã sử dụng lệnh '/title HunterzXP times 30 30 30 a'
2016-08-05 17:33:26: HunterzXP đã sử dụng lệnh '/title HunterzXP times a'
2016-08-05 17:33:29: HunterzXP đã sử dụng lệnh '/title HunterzXP Title asd'
2016-08-05 17:34:03: HunterzXP đã sử dụng lệnh '/is reload'
2016-08-05 17:34:06: HunterzXP đã sử dụng lệnh '/reload'
2016-08-05 17:35:54: HunterzXP đã sử dụng lệnh '/is'
2016-08-05 17:35:58: HunterzXP đã sử dụng lệnh '/is lang'
2016-08-05 17:36:03: HunterzXP đã sử dụng lệnh '/is lang English'
2016-08-05 17:36:05: HunterzXP đã sử dụng lệnh '/is'
2016-08-05 17:36:11: HunterzXP đã sử dụng lệnh '/gmc'
2016-08-05 17:36:15: HunterzXP đã sử dụng lệnh '/spawn'
2016-08-05 17:36:23: HunterzXP đã sử dụng lệnh '/gmc'
2016-08-05 17:36:25: HunterzXP đã sử dụng lệnh '/is'
2016-08-05 17:36:27: HunterzXP đã sử dụng lệnh '/back'
2016-08-05 17:36:29: HunterzXP đã sử dụng lệnh '/spawn'
2016-08-05 17:36:32: HunterzXP đã sử dụng lệnh '/gmc'
2016-08-05 17:37:11: HunterzXP đã sử dụng lệnh '/mv list'
2016-08-05 17:38:54: HunterzXP đã sử dụng lệnh '/pl'
2016-08-05 17:39:01: HunterzXP đã sử dụng lệnh '/crackshot'
2016-08-05 17:39:03: HunterzXP đã sử dụng lệnh '/shot list'
2016-08-05 17:39:06: HunterzXP đã sử dụng lệnh '/pl'
2016-08-05 17:39:14: HunterzXP đã sử dụng lệnh '/is restart'
2016-08-05 17:39:17: HunterzXP đã sử dụng lệnh '/island confirm'
2016-08-05 17:39:35: HunterzXP đã sử dụng lệnh '/spawn'
2016-08-05 17:39:37: HunterzXP đã sử dụng lệnh '/reload'
2016-08-05 17:40:30: HunterzXP đã sử dụng lệnh '/is'
2016-08-05 17:40:34: HunterzXP đã sử dụng lệnh '/spawn'
2016-08-05 17:40:38: HunterzXP đã sử dụng lệnh '/is'
2016-08-05 17:40:56: HunterzXP đã sử dụng lệnh '/is'
2016-08-05 17:41:10: HunterzXP đã sử dụng lệnh '/gamerule'
2016-08-05 17:41:13: HunterzXP đã sử dụng lệnh '/gamerule keepInventory true'
2016-08-05 17:41:28: HunterzXP đã sử dụng lệnh '/is'
2016-08-05 17:41:35: HunterzXP đã sử dụng lệnh '/gmc'
2016-08-05 17:41:46: HunterzXP đã sử dụng lệnh '/pl'
2016-08-05 17:42:44: HunterzXP đã sử dụng lệnh '/is'
2016-08-05 17:42:49: HunterzXP đã sử dụng lệnh '/gmc'
2016-08-05 17:43:06: HunterzXP đã sử dụng lệnh '/thor'
2016-08-05 17:43:07: HunterzXP đã sử dụng lệnh '/thor'
2016-08-05 17:43:08: HunterzXP đã sử dụng lệnh '/thor'
2016-08-05 17:43:08: HunterzXP đã sử dụng lệnh '/thor'
2016-08-05 17:43:12: HunterzXP đã sử dụng lệnh '/pt thor'
2016-08-05 17:43:25: HunterzXP đã sử dụng lệnh '/npc'
2016-08-05 17:43:32: HunterzXP đã sử dụng lệnh '/pt'
2016-08-05 17:43:34: HunterzXP đã sử dụng lệnh '/pt lighning'
2016-08-05 17:43:38: HunterzXP đã sử dụng lệnh '/pt lightning'
2016-08-05 17:44:09: HunterzXP đã sử dụng lệnh '/up 10'
2016-08-05 17:44:36: HunterzXP đã sử dụng lệnh '/pt'
2016-08-05 17:44:48: HunterzXP đã sử dụng lệnh '/pt pig 20'
2016-08-05 17:44:51: HunterzXP đã sử dụng lệnh '/pt pig'
2016-08-05 17:44:55: HunterzXP đã sử dụng lệnh '/pt'
2016-08-05 17:45:07: HunterzXP đã sử dụng lệnh '/pt summon pig 20'
2016-08-05 17:45:12: HunterzXP đã sử dụng lệnh '/pt'
2016-08-05 17:45:42: HunterzXP đã sử dụng lệnh '/pt pig 20'
2016-08-05 17:45:47: HunterzXP đã sử dụng lệnh '/pt'
2016-08-05 17:46:06: HunterzXP đã sử dụng lệnh '/pt thor'
2016-08-05 17:46:22: HunterzXP đã sử dụng lệnh '/pt shock'
2016-08-05 17:46:49: HunterzXP đã sử dụng lệnh '/pt fireball'
2016-08-05 17:47:00: HunterzXP đã sử dụng lệnh '/pt fireball 20'
2016-08-05 17:47:20: HunterzXP đã sử dụng lệnh '/pt thor'
2016-08-05 17:47:42: HunterzXP đã sử dụng lệnh '/pt'
2016-08-05 17:47:46: HunterzXP đã sử dụng lệnh '/pt tnt4'
2016-08-05 17:47:51: HunterzXP đã sử dụng lệnh '/pt tnt'
2016-08-05 17:48:14: HunterzXP đã sử dụng lệnh '/pt'
2016-08-05 17:48:16: HunterzXP đã sử dụng lệnh '/thro'
2016-08-05 17:48:17: HunterzXP đã sử dụng lệnh '/thor'
2016-08-05 17:48:18: HunterzXP đã sử dụng lệnh '/thor'
2016-08-05 17:48:18: HunterzXP đã sử dụng lệnh '/thor'
2016-08-05 17:48:19: HunterzXP đã sử dụng lệnh '/thor'
2016-08-05 17:48:19: HunterzXP đã sử dụng lệnh '/thor'
2016-08-05 17:48:19: HunterzXP đã sử dụng lệnh '/thor'
2016-08-05 17:48:20: HunterzXP đã sử dụng lệnh '/thor'
2016-08-05 17:48:20: HunterzXP đã sử dụng lệnh '/thor'
2016-08-05 17:48:23: HunterzXP đã sử dụng lệnh '/ce'
2016-08-05 17:48:24: HunterzXP đã sử dụng lệnh '/ce'
2016-08-05 17:48:25: HunterzXP đã sử dụng lệnh '/pl'
2016-08-05 17:48:29: HunterzXP đã sử dụng lệnh '/killall mobs'
2016-08-05 17:48:43: HunterzXP đã sử dụng lệnh '/day'
2016-08-05 17:48:44: HunterzXP đã sử dụng lệnh '/pl'
2016-08-05 17:48:45: HunterzXP đã sử dụng lệnh '/spawn'
2016-08-05 17:48:57: HunterzXP đã sử dụng lệnh '/gmc'
2016-08-05 17:48:58: HunterzXP đã sử dụng lệnh '/clear'
2016-08-05 17:50:40: HunterzXP đã sử dụng lệnh '/help Shopkeeper'
2016-08-05 17:50:43: HunterzXP đã sử dụng lệnh '/shopkeeper'
2016-08-05 17:50:45: HunterzXP đã sử dụng lệnh '/shopkeeper reload'
2016-08-05 17:50:46: HunterzXP đã sử dụng lệnh '/'
2016-08-05 17:51:42: HunterzXP đã sử dụng lệnh '/shopkeeper reload'
2016-08-05 17:52:23: HunterzXP đã sử dụng lệnh '/shopkeeper reload'
2016-08-05 17:52:30: HunterzXP đã sử dụng lệnh '/pt'
2016-08-05 17:52:36: HunterzXP đã sử dụng lệnh '/pt shopkeeper'
2016-08-05 17:52:39: HunterzXP đã sử dụng lệnh '/pt'
2016-08-05 17:52:39: HunterzXP đã sử dụng lệnh '/pl'
2016-08-05 17:52:55: HunterzXP đã sử dụng lệnh '/pt shopkeeper'
2016-08-05 17:52:57: HunterzXP đã sử dụng lệnh '/shopkeeper reload'
2016-08-05 17:53:07: HunterzXP đã sử dụng lệnh '/reload'
2016-08-05 17:54:01: HunterzXP đã sử dụng lệnh '/shopkeeper reload'
2016-08-05 17:54:05: HunterzXP đã sử dụng lệnh '/pl'
2016-08-05 17:54:07: HunterzXP đã sử dụng lệnh '/pt shopkeeper'
2016-08-05 17:54:11: HunterzXP đã sử dụng lệnh '/reload'
2016-08-05 17:54:51: HunterzXP đã sử dụng lệnh '/pl'
2016-08-05 17:54:53: HunterzXP đã sử dụng lệnh '/shopkeeper'
2016-08-05 17:54:54: HunterzXP đã sử dụng lệnh '/shopkeeper reload'
2016-08-05 17:56:54: HunterzXP đã sử dụng lệnh '/pl'
2016-08-05 17:57:29: HunterzXP đã sử dụng lệnh '/pt'
2016-08-05 17:57:30: HunterzXP đã sử dụng lệnh '/pl'
2016-08-05 17:57:31: HunterzXP đã sử dụng lệnh '/tm'
2016-08-05 17:57:32: HunterzXP đã sử dụng lệnh '/tm'
2016-08-05 17:57:33: HunterzXP đã sử dụng lệnh '/sa'
2016-08-05 17:57:37: HunterzXP đã sử dụng lệnh '/th''
2016-08-05 17:57:37: HunterzXP đã sử dụng lệnh '/th'
2016-08-05 17:57:41: HunterzXP đã sử dụng lệnh '/'
2016-08-05 17:57:42: HunterzXP đã sử dụng lệnh '/gmc'
2016-08-05 17:57:45: HunterzXP đã sử dụng lệnh '/killall mobs'
2016-08-05 17:57:51: HunterzXP đã sử dụng lệnh '//wand'
2016-08-05 17:57:52: HunterzXP đã sử dụng lệnh '/speed 5'
2016-08-05 17:57:56: HunterzXP đã sử dụng lệnh '/up'
2016-08-05 17:57:58: HunterzXP đã sử dụng lệnh '/up 1'
2016-08-05 17:58:04: HunterzXP đã sử dụng lệnh '/úp'
2016-08-05 17:58:07: HunterzXP đã sử dụng lệnh '/up 1'
2016-08-05 17:58:11: HunterzXP đã sử dụng lệnh '//expand vert'
2016-08-05 17:58:16: HunterzXP đã sử dụng lệnh '/region define Spawn'
2016-08-05 17:58:22: HunterzXP đã sử dụng lệnh '/region flag spawn build deny'
2016-08-05 17:58:27: HunterzXP đã sử dụng lệnh '/region flag spawn pvp deny'
2016-08-05 17:58:29: HunterzXP đã sử dụng lệnh '/region flag spawn a'
2016-08-05 17:58:35: HunterzXP đã sử dụng lệnh '/region flag spawn block-break deny'
2016-08-05 17:58:40: HunterzXP đã sử dụng lệnh '/region flag spawn mob-spawning deny'
2016-08-05 17:58:44: HunterzXP đã sử dụng lệnh '/region flag spawn mob-damage deny'
2016-08-05 17:59:02: HunterzXP đã sử dụng lệnh '/menu'
2016-08-05 17:59:14: HunterzXP đã sử dụng lệnh '/warp boss HunterzXP'
2016-08-05 17:59:15: HunterzXP đã sử dụng lệnh '/warp donate HunterzXP'
2016-08-05 17:59:15: HunterzXP đã sử dụng lệnh '/warp farmmobs HunterzXP'
2016-08-05 17:59:15: HunterzXP đã sử dụng lệnh '/warp trade HunterzXP'
2016-08-05 17:59:15: HunterzXP đã sử dụng lệnh '/warp cauca HunterzXP'
2016-08-05 17:59:24: HunterzXP đã sử dụng lệnh '/money'
2016-08-05 17:59:29: HunterzXP đã sử dụng lệnh '/eco give HunterzXP 123333333333'
2016-08-05 17:59:32: HunterzXP đã sử dụng lệnh '/menu'
2016-08-05 17:59:34: HunterzXP đã sử dụng lệnh '/Nick HunterzXP &0&l{Player}'
2016-08-05 17:59:34: HunterzXP đã sử dụng lệnh '/bc &b&lHunterzXP Đã Đổi Tên!'
2016-08-05 17:59:40: HunterzXP đã sử dụng lệnh '/menu'
2016-08-05 17:59:42: HunterzXP đã sử dụng lệnh '/ce enchant Wither 2'
2016-08-05 17:59:44: HunterzXP đã sử dụng lệnh '/menu'
2016-08-05 17:59:46: HunterzXP đã sử dụng lệnh '/ce enchant Poison 4'
2016-08-05 17:59:49: HunterzXP đã sử dụng lệnh '/menu'
2016-08-05 17:59:51: HunterzXP đã sử dụng lệnh '/fix all'
2016-08-05 17:59:58: HunterzXP đã sử dụng lệnh '/fix all'
2016-08-05 17:59:59: HunterzXP đã sử dụng lệnh '/fix all'
2016-08-05 18:00:00: HunterzXP đã sử dụng lệnh '/fix all'
2016-08-05 18:00:00: HunterzXP đã sử dụng lệnh '/fix all'
2016-08-05 18:00:00: HunterzXP đã sử dụng lệnh '/fix all'
2016-08-05 18:00:01: HunterzXP đã sử dụng lệnh '/fix all'
2016-08-05 18:00:01: HunterzXP đã sử dụng lệnh '/fix all'
2016-08-05 18:00:01: HunterzXP đã sử dụng lệnh '/fix all'
2016-08-05 18:00:01: HunterzXP đã sử dụng lệnh '/fix all'
2016-08-05 18:00:02: HunterzXP đã sử dụng lệnh '/fix all'
2016-08-05 18:00:02: HunterzXP đã sử dụng lệnh '/fix all'
2016-08-05 18:00:02: HunterzXP đã sử dụng lệnh '/fix all'
2016-08-05 18:00:02: HunterzXP đã sử dụng lệnh '/fix all'
2016-08-05 18:00:03: HunterzXP đã sử dụng lệnh '/fix all'
2016-08-05 18:00:03: HunterzXP đã sử dụng lệnh '/fix all'
2016-08-05 18:00:03: HunterzXP đã sử dụng lệnh '/fix all'
2016-08-05 18:00:03: HunterzXP đã sử dụng lệnh '/fix all'
2016-08-05 18:00:13: HunterzXP đã sử dụng lệnh '/killall mobs'
2016-08-05 18:01:41: HunterzXP đã sử dụng lệnh '/ci'
2016-08-05 18:01:43: HunterzXP đã sử dụng lệnh '/pl'
2016-08-05 18:01:44: HunterzXP đã sử dụng lệnh '/l'
2016-08-05 18:01:49: HunterzXP đã sử dụng lệnh '/menu'
2016-08-05 18:02:26: HunterzXP đã sử dụng lệnh '/deop HunterzXP'
2016-08-05 18:02:27: HunterzXP đã sử dụng lệnh '/op'
2016-08-05 18:02:28: HunterzXP đã sử dụng lệnh '/pl'
2016-08-05 18:03:13: HunterzXP đã sử dụng lệnh '/wg'
2016-08-05 18:03:15: HunterzXP đã sử dụng lệnh '/wg reload'
2016-08-05 18:03:20: HunterzXP đã sử dụng lệnh '/wg reload'
2016-08-05 18:03:22: HunterzXP đã sử dụng lệnh '/pl'
2016-08-05 18:03:25: HunterzXP đã sử dụng lệnh '/deop HunterzXP'
2016-08-05 18:03:51: HunterzXP đã sử dụng lệnh '/pl'
2016-08-05 18:03:54: HunterzXP đã sử dụng lệnh '/gmc'
2016-08-05 18:03:55: HunterzXP đã sử dụng lệnh '/deop'
2016-08-05 18:03:56: HunterzXP đã sử dụng lệnh '/reload'
2016-08-05 18:04:28: HunterzXP đã sử dụng lệnh '/gmc'
2016-08-05 18:06:05: HunterzXP đã sử dụng lệnh '/save-all'
2016-08-05 18:06:07: HunterzXP đã sử dụng lệnh '/save-all'
2016-08-05 18:06:13: HunterzXP đã sử dụng lệnh '/save-all'
2016-08-05 18:06:17: HunterzXP đã sử dụng lệnh '/stop'
2016-08-06 12:36:39: HunterzXP đã sử dụng lệnh '/gmc'
2016-08-06 12:36:43: HunterzXP đã sử dụng lệnh '/speed 1'
2016-08-06 12:37:03: HunterzXP đã sử dụng lệnh '/is reset'
2016-08-06 12:37:05: HunterzXP đã sử dụng lệnh '/island confirm'
2016-08-06 12:37:14: HunterzXP đã sử dụng lệnh '/is'
2016-08-06 12:37:37: HunterzXP đã sử dụng lệnh '/is help'
2016-08-06 12:37:53: HunterzXP đã sử dụng lệnh '/is coop'
2016-08-06 12:38:04: HunterzXP đã sử dụng lệnh '/is sethome'
2016-08-06 12:38:07: HunterzXP đã sử dụng lệnh '/is sethome'
2016-08-06 12:38:09: HunterzXP đã sử dụng lệnh '/is'
2016-08-06 12:38:10: HunterzXP đã sử dụng lệnh '/is sethome'
2016-08-06 12:38:12: HunterzXP đã sử dụng lệnh '/is'
2016-08-06 12:38:14: HunterzXP đã sử dụng lệnh '/is sethome'
2016-08-06 12:38:15: HunterzXP đã sử dụng lệnh '/is'
2016-08-06 12:38:18: HunterzXP đã sử dụng lệnh '/spawn'
2016-08-06 12:38:31: HunterzXP đã sử dụng lệnh '/gmc'
2016-08-06 12:38:50: HunterzXP đã sử dụng lệnh '/killall mobs'
2016-08-06 12:40:31: HunterzXP đã sử dụng lệnh '/is'
2016-08-06 12:40:34: HunterzXP đã sử dụng lệnh '/is help'
2016-08-06 12:40:42: HunterzXP đã sử dụng lệnh '/is lang'
2016-08-06 12:40:45: HunterzXP đã sử dụng lệnh '/is expel'
2016-08-06 12:40:46: HunterzXP đã sử dụng lệnh '/is expel a'
2016-08-06 12:41:15: HunterzXP đã sử dụng lệnh '/is'
2016-08-06 12:41:16: HunterzXP đã sử dụng lệnh '/is hlep'
2016-08-06 12:41:18: HunterzXP đã sử dụng lệnh '/is help'
2016-08-06 12:41:21: HunterzXP đã sử dụng lệnh '/is invite'
2016-08-06 12:41:48: HunterzXP đã sử dụng lệnh '/is level'
2016-08-06 12:41:50: HunterzXP đã sử dụng lệnh '/is level a'
2016-08-06 12:41:54: HunterzXP đã sử dụng lệnh '/is kick'
2016-08-06 12:41:58: HunterzXP đã sử dụng lệnh '/is kick as'
2016-08-06 12:42:00: HunterzXP đã sử dụng lệnh '/is kick'
2016-08-06 12:42:34: HunterzXP đã sử dụng lệnh '/is ms'
2016-08-06 12:43:42: HunterzXP đã sử dụng lệnh '/is accpet'
2016-08-06 12:43:45: HunterzXP đã sử dụng lệnh '/is accept'
2016-08-06 12:43:50: HunterzXP đã sử dụng lệnh '/is makeleader'
2016-08-06 12:43:52: HunterzXP đã sử dụng lệnh '/is makeleader asd'
2016-08-06 12:44:00: HunterzXP đã sử dụng lệnh '/is settings'
2016-08-06 12:44:08: HunterzXP đã sử dụng lệnh '/is help'
2016-08-06 12:45:24: HunterzXP đã sử dụng lệnh '/is hlep'
2016-08-06 12:45:26: HunterzXP đã sử dụng lệnh '/is help'
2016-08-06 12:51:40: HunterzXP đã sử dụng lệnh '/is ms'
2016-08-06 12:52:10: HunterzXP đã sử dụng lệnh '/money'
2016-08-06 12:52:13: HunterzXP đã sử dụng lệnh '/eco reset HunterzXP'
2016-08-06 12:52:16: HunterzXP đã sử dụng lệnh '/eco reset HunterzXP'
2016-08-06 12:52:18: HunterzXP đã sử dụng lệnh '/money'
2016-08-06 12:52:20: HunterzXP đã sử dụng lệnh '/is ms'
2016-08-06 12:52:51: HunterzXP đã sử dụng lệnh '/is ms'
2016-08-06 12:53:01: HunterzXP đã sử dụng lệnh '/is ms'
2016-08-06 12:53:05: HunterzXP đã sử dụng lệnh '/is ms4'
2016-08-06 12:53:07: HunterzXP đã sử dụng lệnh '/is ms'
2016-08-06 12:54:36: HunterzXP đã sử dụng lệnh '/is warps'
2016-08-06 12:54:43: HunterzXP đã sử dụng lệnh '/gmc'
2016-08-06 12:55:01: HunterzXP đã sử dụng lệnh '/is warps'
2016-08-06 12:55:08: HunterzXP đã sử dụng lệnh '/is warps'
2016-08-06 12:55:28: HunterzXP đã sử dụng lệnh '/is warps'
2016-08-06 12:56:16: HunterzXP đã sử dụng lệnh '/island coop'
2016-08-06 12:56:18: HunterzXP đã sử dụng lệnh '/island coop a'
2016-08-06 12:56:19: HunterzXP đã sử dụng lệnh '/island coop a'
2016-08-06 12:56:20: HunterzXP đã sử dụng lệnh '/is coop'
2016-08-06 12:56:21: HunterzXP đã sử dụng lệnh '/is coopa sd'
2016-08-06 12:56:55: HunterzXP đã sử dụng lệnh '/island reload'
2016-08-06 12:56:57: HunterzXP đã sử dụng lệnh '/reload'
2016-08-06 12:59:13: HunterzXP đã sử dụng lệnh '/is'
2016-08-06 12:59:16: HunterzXP đã sử dụng lệnh '/is help'
2016-08-06 12:59:19: HunterzXP đã sử dụng lệnh '/is top'
2016-08-06 12:59:28: HunterzXP đã sử dụng lệnh '/is coop'
2016-08-06 12:59:30: HunterzXP đã sử dụng lệnh '/is coop asd'
2016-08-06 12:59:40: HunterzXP đã sử dụng lệnh '/is makeleader'
2016-08-06 12:59:41: HunterzXP đã sử dụng lệnh '/is makeleader a'
2016-08-06 12:59:45: HunterzXP đã sử dụng lệnh '/gmc'
2016-08-06 12:59:46: HunterzXP đã sử dụng lệnh '/heal'
2016-08-06 12:59:47: HunterzXP đã sử dụng lệnh '/day'
2016-08-06 12:59:51: HunterzXP đã sử dụng lệnh '/is reset'
2016-08-06 12:59:54: HunterzXP đã sử dụng lệnh '/is reset h'
2016-08-06 13:01:47: HunterzXP đã sử dụng lệnh '/pl'
2016-08-06 13:01:49: HunterzXP đã sử dụng lệnh '/help Island'
2016-08-06 13:01:52: HunterzXP đã sử dụng lệnh '/island'
2016-08-06 13:01:54: HunterzXP đã sử dụng lệnh '/island go'
2016-08-06 13:01:55: HunterzXP đã sử dụng lệnh '/island go'
2016-08-06 13:01:57: HunterzXP đã sử dụng lệnh '/is help'
2016-08-06 13:02:02: HunterzXP đã sử dụng lệnh '/c'
2016-08-06 13:02:36: HunterzXP đã sử dụng lệnh '/is'
2016-08-06 13:02:37: HunterzXP đã sử dụng lệnh '/is help'
2016-08-06 13:02:39: HunterzXP đã sử dụng lệnh '/is warps'
2016-08-06 13:02:51: HunterzXP đã sử dụng lệnh '/is warps'
2016-08-06 13:02:53: HunterzXP đã sử dụng lệnh '/is warps'
2016-08-06 13:02:56: HunterzXP đã sử dụng lệnh '/is'
2016-08-06 13:02:58: HunterzXP đã sử dụng lệnh '/is settingw'
2016-08-06 13:03:00: HunterzXP đã sử dụng lệnh '/is settings'
2016-08-06 13:03:31: HunterzXP đã sử dụng lệnh '/is reset'
2016-08-06 13:03:33: HunterzXP đã sử dụng lệnh '/is reset h'
2016-08-06 13:03:34: HunterzXP đã sử dụng lệnh '/is'
2016-08-06 13:03:40: HunterzXP đã sử dụng lệnh '/save-all'
2016-08-06 13:03:41: HunterzXP đã sử dụng lệnh '/spawn'
2016-08-06 13:03:43: HunterzXP đã sử dụng lệnh '/gmc'
2016-08-06 13:03:45: HunterzXP đã sử dụng lệnh '//wand'
2016-08-06 13:03:49: HunterzXP đã sử dụng lệnh '/wg'
2016-08-06 13:03:51: HunterzXP đã sử dụng lệnh '/wg list'
2016-08-06 13:03:54: HunterzXP đã sử dụng lệnh '/region'
2016-08-06 13:03:56: HunterzXP đã sử dụng lệnh '/region list'
2016-08-06 13:04:00: HunterzXP đã sử dụng lệnh '/region flag spawn'
2016-08-06 13:04:01: HunterzXP đã sử dụng lệnh '/region flag spawn a'
2016-08-06 13:04:06: HunterzXP đã sử dụng lệnh '/region flag spawn build deny'
2016-08-06 13:04:26: HunterzXP đã sử dụng lệnh '/region'
2016-08-06 13:04:36: HunterzXP đã sử dụng lệnh '/region removeowner'
2016-08-06 13:04:37: HunterzXP đã sử dụng lệnh '/region removeowner spawn'
2016-08-06 13:04:39: HunterzXP đã sử dụng lệnh '/region removeowner spawn -a'
2016-08-06 13:04:52: HunterzXP đã sử dụng lệnh '/up'
2016-08-06 13:04:53: HunterzXP đã sử dụng lệnh '/up1'
2016-08-06 13:04:55: HunterzXP đã sử dụng lệnh '/up1'
2016-08-06 13:04:55: HunterzXP đã sử dụng lệnh '/up 1'
2016-08-06 13:05:01: HunterzXP đã sử dụng lệnh '/speed 10'
2016-08-06 13:05:04: HunterzXP đã sử dụng lệnh '/speed 1'
2016-08-06 13:05:11: HunterzXP đã sử dụng lệnh '/speed 1'
2016-08-06 13:05:12: HunterzXP đã sử dụng lệnh '/up 1'
2016-08-06 13:05:17: HunterzXP đã sử dụng lệnh '//expand vert'
2016-08-06 13:05:20: HunterzXP đã sử dụng lệnh '/region define spawn'
2016-08-06 13:05:25: HunterzXP đã sử dụng lệnh '/region redefine spawn'
2016-08-06 13:05:31: HunterzXP đã sử dụng lệnh '/region flag spawn a'
2016-08-06 13:05:34: HunterzXP đã sử dụng lệnh '/region flag spawn build deny'
2016-08-06 13:05:40: HunterzXP đã sử dụng lệnh '/region flag spawn build mob-spawning deny'
2016-08-06 13:05:49: HunterzXP đã sử dụng lệnh '/region'
2016-08-06 13:05:52: HunterzXP đã sử dụng lệnh '/region save spawn'
2016-08-06 13:05:55: HunterzXP đã sử dụng lệnh '/speed 5'
2016-08-06 13:05:58: HunterzXP đã sử dụng lệnh '/speed 1'
2016-08-06 13:06:04: HunterzXP đã sử dụng lệnh '/thru'
2016-08-06 13:08:34: HunterzXP đã sử dụng lệnh '/give HunterzXP 137'
2016-08-06 13:08:59: HunterzXP đã sử dụng lệnh '/gamerule'
2016-08-06 13:09:03: HunterzXP đã sử dụng lệnh '/gamerule commandBlockOutput true'
2016-08-06 13:09:23: HunterzXP đã sử dụng lệnh '/reload'
2016-08-06 13:10:01: HunterzXP đã sử dụng lệnh '/gmc'
2016-08-06 13:10:19: HunterzXP đã sử dụng lệnh '/reload'
2016-08-06 13:10:55: HunterzXP đã sử dụng lệnh '/gmc'
2016-08-06 13:13:27: HunterzXP đã sử dụng lệnh '/thru'
2016-08-06 13:13:42: HunterzXP đã sử dụng lệnh '/thru'
2016-08-06 13:13:44: HunterzXP đã sử dụng lệnh '/thru'
2016-08-06 13:13:45: HunterzXP đã sử dụng lệnh '/thru'
2016-08-06 13:13:47: HunterzXP đã sử dụng lệnh '/thru'
2016-08-06 13:13:51: HunterzXP đã sử dụng lệnh '/thru'
2016-08-06 13:13:53: HunterzXP đã sử dụng lệnh '/thru'
2016-08-06 13:13:54: HunterzXP đã sử dụng lệnh '/thru'
2016-08-06 13:13:55: HunterzXP đã sử dụng lệnh '/thru'
2016-08-06 13:14:08: HunterzXP đã sử dụng lệnh '/night'
2016-08-06 13:14:09: HunterzXP đã sử dụng lệnh '/day'
2016-08-06 13:14:10: HunterzXP đã sử dụng lệnh '/day'
2016-08-06 13:14:12: HunterzXP đã sử dụng lệnh '/night'
2016-08-06 13:14:13: HunterzXP đã sử dụng lệnh '/day'
2016-08-06 13:14:14: HunterzXP đã sử dụng lệnh '/night'
2016-08-06 13:14:14: HunterzXP đã sử dụng lệnh '/night'
2016-08-06 13:14:15: HunterzXP đã sử dụng lệnh '/day'
2016-08-06 13:14:26: HunterzXP đã sử dụng lệnh '/bacj'
2016-08-06 13:14:27: HunterzXP đã sử dụng lệnh '/back'
2016-08-06 13:14:59: HunterzXP đã sử dụng lệnh '/give HunterzXP Barrie'
2016-08-06 13:14:59: HunterzXP đã sử dụng lệnh '/give HunterzXP Barrier'
2016-08-06 13:16:25: HunterzXP đã sử dụng lệnh '/back'
2016-08-06 13:19:15: HunterzXP đã sử dụng lệnh '/back'
2016-08-06 13:20:41: HunterzXP đã sử dụng lệnh '/pl'
2016-08-06 13:20:42: HunterzXP đã sử dụng lệnh '/spawn'
2016-08-06 13:20:44: HunterzXP đã sử dụng lệnh '/op'
2016-08-06 13:20:49: HunterzXP đã sử dụng lệnh '/tm'
2016-08-06 13:20:50: HunterzXP đã sử dụng lệnh '/tm asd'
2016-08-06 13:20:53: HunterzXP đã sử dụng lệnh '/st'
2016-08-06 13:20:54: HunterzXP đã sử dụng lệnh '/trails'
2016-08-06 13:20:56: HunterzXP đã sử dụng lệnh '/trails list'
2016-08-06 13:21:00: HunterzXP đã sử dụng lệnh '/trails ender'
2016-08-06 13:21:05: HunterzXP đã sử dụng lệnh '/trails smoke'
2016-08-06 13:21:08: HunterzXP đã sử dụng lệnh '/trails ender'
2016-08-06 13:21:12: HunterzXP đã sử dụng lệnh '/trails happy'
2016-08-06 13:21:38: HunterzXP đã sử dụng lệnh '/shopkeeper'
2016-08-06 13:23:11: HunterzXP đã sử dụng lệnh '/shopkeeper'
2016-08-06 13:25:29: HunterzXP đã sử dụng lệnh '/thru'
2016-08-06 13:27:17: HunterzXP đã sử dụng lệnh '/hd addline tb &u&lKhuyến mãi donate vào thứ 7 hàng tuần'
2016-08-06 13:27:36: HunterzXP đã sử dụng lệnh '/hd addline tb &u&lKhuyến mãi admin sẽ thông báo chi tiết sau'
2016-08-06 13:28:00: HunterzXP đã sử dụng lệnh '/hd addline tb &u&lTop donate sẽ được 500 Coins'
2016-08-06 13:28:18: HunterzXP đã sử dụng lệnh '/hd addline tb &u&lTop money sẽ được 250 Coins'
2016-08-06 13:28:34: HunterzXP đã sử dụng lệnh '/hd addline tb &u&lTop island sẽ được 600 Coins'
2016-08-06 13:29:03: HunterzXP đã sử dụng lệnh '/hd addline tb &u&lAdmin sẽ cập nhập 3 top trên và sẽ tổng kết vào thứ 7 hàng tuần'
2016-08-06 13:29:20: HunterzXP đã sử dụng lệnh '/is'
2016-08-06 13:29:28: HunterzXP đã sử dụng lệnh '/is reset'
2016-08-06 13:29:30: HunterzXP đã sử dụng lệnh '/is reset h'
2016-08-06 13:29:31: HunterzXP đã sử dụng lệnh '/op'
2016-08-06 13:29:32: HunterzXP đã sử dụng lệnh '/gmc'
2016-08-06 13:29:35: HunterzXP đã sử dụng lệnh '/is reset h'
2016-08-06 13:29:36: HunterzXP đã sử dụng lệnh '/is reset'
2016-08-06 13:29:42: HunterzXP đã sử dụng lệnh '/is delete'
2016-08-06 13:29:45: HunterzXP đã sử dụng lệnh '/is delete HunterzXP'
2016-08-06 13:29:47: HunterzXP đã sử dụng lệnh '/is coop'
2016-08-06 13:29:48: HunterzXP đã sử dụng lệnh '/is coop as'
2016-08-06 13:29:48: HunterzXP đã sử dụng lệnh '/is coop as'
2016-08-06 13:29:49: HunterzXP đã sử dụng lệnh '/is coop as/'
2016-08-06 13:29:54: HunterzXP đã sử dụng lệnh '/is expel'
2016-08-06 13:29:55: HunterzXP đã sử dụng lệnh '/is expel hasd'
2016-08-06 13:29:57: HunterzXP đã sử dụng lệnh '/is expel HunterzXP'
2016-08-06 13:29:58: HunterzXP đã sử dụng lệnh '/is expel HunterzXP'
2016-08-06 13:29:58: HunterzXP đã sử dụng lệnh '/is expel HunterzXP'
2016-08-06 13:29:58: HunterzXP đã sử dụng lệnh '/is expel HunterzXP'
2016-08-06 13:30:46: HunterzXP đã sử dụng lệnh '/is reloa'
2016-08-06 13:30:47: HunterzXP đã sử dụng lệnh '/pl'
2016-08-06 13:30:57: HunterzXP đã sử dụng lệnh '/island'
2016-08-06 13:30:58: HunterzXP đã sử dụng lệnh '/island reload'
2016-08-06 13:31:01: HunterzXP đã sử dụng lệnh '/reload island'
2016-08-06 13:34:05: HunterzXP đã sử dụng lệnh '/is'
2016-08-06 13:35:35: HunterzXP đã sử dụng lệnh '/spawn'
2016-08-06 13:35:43: HunterzXP đã sử dụng lệnh '/gmc'
2016-08-06 13:36:10: HunterzXP đã sử dụng lệnh '/is help'
2016-08-06 13:36:20: HunterzXP đã sử dụng lệnh '/is lang'
2016-08-06 13:36:23: HunterzXP đã sử dụng lệnh '/is lang English'
2016-08-06 13:36:25: HunterzXP đã sử dụng lệnh '/is'
2016-08-06 13:36:28: HunterzXP đã sử dụng lệnh '/is help'
2016-08-06 13:36:32: HunterzXP đã sử dụng lệnh '/is ms'
2016-08-06 13:36:43: HunterzXP đã sử dụng lệnh '/gmc'
2016-08-06 13:36:48: HunterzXP đã sử dụng lệnh '/is warp'
2016-08-06 13:36:49: HunterzXP đã sử dụng lệnh '/spawn'
2016-08-06 13:37:54: HunterzXP đã sử dụng lệnh '/shop'
2016-08-06 13:38:40: HunterzXP đã sử dụng lệnh '/is help'
2016-08-06 13:38:42: HunterzXP đã sử dụng lệnh '/is help admin'
2016-08-06 13:38:44: HunterzXP đã sử dụng lệnh '/is admin'
2016-08-06 13:38:45: HunterzXP đã sử dụng lệnh '/is admin help'
2016-08-06 13:38:47: HunterzXP đã sử dụng lệnh '/is adminhelp'
2016-08-06 13:38:50: HunterzXP đã sử dụng lệnh '/is helpadmin'
2016-08-06 13:38:53: HunterzXP đã sử dụng lệnh '/is leae'
2016-08-06 13:38:55: HunterzXP đã sử dụng lệnh '/is leave'
2016-08-06 13:38:57: HunterzXP đã sử dụng lệnh '/is'
2016-08-06 13:38:59: HunterzXP đã sử dụng lệnh '/is leave'
2016-08-06 13:39:04: HunterzXP đã sử dụng lệnh '/is'
2016-08-06 13:39:05: HunterzXP đã sử dụng lệnh '/is help'
2016-08-06 13:39:08: HunterzXP đã sử dụng lệnh '/is sethome'
2016-08-06 13:39:13: HunterzXP đã sử dụng lệnh '/is restart'
2016-08-06 13:39:38: HunterzXP đã sử dụng lệnh '/reload'
2016-08-06 13:40:10: HunterzXP đã sử dụng lệnh '/is'
2016-08-06 13:40:12: HunterzXP đã sử dụng lệnh '/is delete'
2016-08-06 13:40:14: HunterzXP đã sử dụng lệnh '/is coop'
2016-08-06 13:40:47: HunterzXP đã sử dụng lệnh '/is restart'
2016-08-06 13:40:50: HunterzXP đã sử dụng lệnh '/is reset'
2016-08-06 13:42:19: HunterzXP đã sử dụng lệnh '/is lang'
2016-08-06 13:42:27: HunterzXP đã sử dụng lệnh '/is lang Francais'
2016-08-06 13:42:29: HunterzXP đã sử dụng lệnh '/is'
2016-08-06 13:42:31: HunterzXP đã sử dụng lệnh '/is help'
2016-08-06 13:42:34: HunterzXP đã sử dụng lệnh '/is coop'
2016-08-06 13:42:41: HunterzXP đã sử dụng lệnh '/is lang English'
2016-08-06 13:42:43: HunterzXP đã sử dụng lệnh '/is'
2016-08-06 13:43:02: HunterzXP đã sử dụng lệnh '/is'
2016-08-06 13:43:04: HunterzXP đã sử dụng lệnh '/is kick'
2016-08-06 13:43:05: HunterzXP đã sử dụng lệnh '/is kick h'
2016-08-06 13:43:06: HunterzXP đã sử dụng lệnh '/is kick hasd'
2016-08-06 13:56:36: HunterzXP đã sử dụng lệnh '/is reset'
2016-08-06 13:56:40: HunterzXP đã sử dụng lệnh '/is lang'
2016-08-06 13:56:43: HunterzXP đã sử dụng lệnh '/save-all'
2016-08-06 13:56:44: HunterzXP đã sử dụng lệnh '/reload'
2016-08-06 13:57:15: HunterzXP đã sử dụng lệnh '/is'
2016-08-06 13:57:16: HunterzXP đã sử dụng lệnh '/is help'
2016-08-06 13:57:20: HunterzXP đã sử dụng lệnh '/is warps'
2016-08-06 13:57:26: HunterzXP đã sử dụng lệnh '/gmc'
2016-08-06 13:59:37: HunterzXP đã sử dụng lệnh '/is reset'
2016-08-06 13:59:42: HunterzXP đã sử dụng lệnh '/is restart'
2016-08-06 13:59:45: HunterzXP đã sử dụng lệnh '/pl'
2016-08-06 13:59:49: HunterzXP đã sử dụng lệnh '/tm'
2016-08-06 13:59:52: HunterzXP đã sử dụng lệnh '/help TitleManager'
2016-08-06 13:59:54: HunterzXP đã sử dụng lệnh '/tm help'
2016-08-06 13:59:56: HunterzXP đã sử dụng lệnh '/tm bc a'
2016-08-06 13:59:58: HunterzXP đã sử dụng lệnh '/title'
2016-08-06 14:00:04: HunterzXP đã sử dụng lệnh '/title HunterzXP Title a'
2016-08-06 14:00:08: HunterzXP đã sử dụng lệnh '/title HunterzXP Title &u&lsd'
2016-08-06 14:00:12: HunterzXP đã sử dụng lệnh '/title HunterzXP Title &ka'
2016-08-06 14:00:18: HunterzXP đã sử dụng lệnh '/title HunterzXP Title asdasdasd times a'
2016-08-06 14:00:21: HunterzXP đã sử dụng lệnh '/title HunterzXP Title asdasdasd times 12'
2016-08-06 14:00:25: HunterzXP đã sử dụng lệnh '/pl'
2016-08-06 14:00:28: HunterzXP đã sử dụng lệnh '/trade'
2016-08-06 14:00:32: HunterzXP đã sử dụng lệnh '/trade me'
2016-08-06 14:00:57: HunterzXP đã sử dụng lệnh '/trade reload'
2016-08-06 14:01:00: HunterzXP đã sử dụng lệnh '/trade'
2016-08-06 14:01:11: HunterzXP đã sử dụng lệnh '/trade HunterzXP asd'
2016-08-06 14:01:13: HunterzXP đã sử dụng lệnh '/trade HunterzXP'
2016-08-06 14:01:16: HunterzXP đã sử dụng lệnh '/trade ad'
2016-08-06 14:01:21: HunterzXP đã sử dụng lệnh '/trade asddddddddddddddddddd'
2016-08-06 14:01:33: HunterzXP đã sử dụng lệnh '/gms'
2016-08-06 14:01:34: HunterzXP đã sử dụng lệnh '/deop HunterzXP'
2016-08-06 14:01:35: HunterzXP đã sử dụng lệnh '/op'
2016-08-06 14:01:36: HunterzXP đã sử dụng lệnh '/'
2016-08-07 19:15:45: HunterzXP đã sử dụng lệnh '/pl'
2016-08-07 19:15:48: HunterzXP đã sử dụng lệnh '/op'
2016-08-07 19:15:54: HunterzXP đã sử dụng lệnh '/pl'
2016-08-07 19:16:07: HunterzXP đã sử dụng lệnh '/help RealTime'
2016-08-07 19:16:33: HunterzXP đã sử dụng lệnh '/help ItemLoreStats'
2016-08-07 19:16:54: HunterzXP đã sử dụng lệnh '/ils'
2016-08-07 19:17:21: HunterzXP đã sử dụng lệnh '/ils name d'
2016-08-07 19:17:25: HunterzXP đã sử dụng lệnh '/gmc'
2016-08-07 19:17:29: HunterzXP đã sử dụng lệnh '/gmc'
2016-08-07 19:17:30: HunterzXP đã sử dụng lệnh '/ils name d'
2016-08-07 19:17:40: HunterzXP đã sử dụng lệnh '/ils custome tool a'
2016-08-07 19:17:46: HunterzXP đã sử dụng lệnh '/ils custome tool d'
2016-08-07 19:17:47: HunterzXP đã sử dụng lệnh '/ils custome tool asdsad'
2016-08-07 19:18:09: HunterzXP đã sử dụng lệnh '/ils repair'
2016-08-07 19:18:17: HunterzXP đã sử dụng lệnh '/ils lore HunterzXP 1 ASD'
2016-08-07 19:18:26: HunterzXP đã sử dụng lệnh '/ils lore 1 Damage:'
2016-08-07 19:18:30: HunterzXP đã sử dụng lệnh '/ils lore 1 Damage:7'
2016-08-07 19:18:32: HunterzXP đã sử dụng lệnh '/ils lore 1 Damage:15'
2016-08-07 19:18:34: HunterzXP đã sử dụng lệnh '/ils lore 1 Damage: +15'
2016-08-07 19:18:48: HunterzXP đã sử dụng lệnh '/ils lore 1 &a&lTấn công: +15'
2016-08-07 19:18:58: HunterzXP đã sử dụng lệnh '/ils lore 1 &a&lThủ: +20'
2016-08-07 19:19:10: HunterzXP đã sử dụng lệnh '/pl'
2016-08-07 19:19:27: HunterzXP đã sử dụng lệnh '/time'
2016-08-07 19:20:33: HunterzXP đã sử dụng lệnh '/time set 7:21'
2016-08-07 19:20:42: HunterzXP đã sử dụng lệnh '/time set 19:22'
2016-08-07 19:20:48: HunterzXP đã sử dụng lệnh '/time set 19:21'
2016-08-07 19:20:59: HunterzXP đã sử dụng lệnh '/time set 8'
2016-08-07 19:21:02: HunterzXP đã sử dụng lệnh '/time set 9h'
2016-08-07 19:21:03: HunterzXP đã sử dụng lệnh '/time set 9'
2016-08-07 19:21:04: HunterzXP đã sử dụng lệnh '/time set 10'
2016-08-07 19:21:11: HunterzXP đã sử dụng lệnh '/time set 19:21'
2016-08-07 19:21:19: HunterzXP đã sử dụng lệnh '/pl'
2016-08-07 19:21:27: HunterzXP đã sử dụng lệnh '/il'
2016-08-07 19:21:28: HunterzXP đã sử dụng lệnh '/ils'
2016-08-07 19:21:44: HunterzXP đã sử dụng lệnh '/ils lore HunterzXP 2 Tấn công: +30'
2016-08-07 19:21:49: HunterzXP đã sử dụng lệnh '/g'
2016-08-07 19:21:55: HunterzXP đã sử dụng lệnh '/is'
2016-08-07 19:22:01: HunterzXP đã sử dụng lệnh '/gmc'
2016-08-07 19:22:23: HunterzXP đã sử dụng lệnh '/ils'
2016-08-07 19:22:28: HunterzXP đã sử dụng lệnh '/ils custom tool Hoe'
2016-08-07 19:22:36: HunterzXP đã sử dụng lệnh '/ils custom tool a'
2016-08-07 19:22:41: HunterzXP đã sử dụng lệnh '/ils sell'
2016-08-07 19:22:45: HunterzXP đã sử dụng lệnh '/ils export'
2016-08-07 19:22:46: HunterzXP đã sử dụng lệnh '/ils export d'
2016-08-07 19:22:50: HunterzXP đã sử dụng lệnh '/ils export d'
2016-08-07 19:22:54: HunterzXP đã sử dụng lệnh '/ils name Hand of God'
2016-08-07 19:23:13: HunterzXP đã sử dụng lệnh '/ils lore 10 Item đã được khóa'
2016-08-07 19:23:24: HunterzXP đã sử dụng lệnh '/pl'
2016-08-07 19:23:29: HunterzXP đã sử dụng lệnh '/npc'
2016-08-07 19:23:35: HunterzXP đã sử dụng lệnh '/cl'
2016-08-07 19:23:37: HunterzXP đã sử dụng lệnh '/cm'
2016-08-07 19:23:39: HunterzXP đã sử dụng lệnh '/cm reload'
2016-08-07 19:23:54: HunterzXP đã sử dụng lệnh '/help PlayerPoints'
2016-08-07 19:23:55: HunterzXP đã sử dụng lệnh '/p'
2016-08-07 19:24:09: HunterzXP đã sử dụng lệnh '/trails'
2016-08-07 19:24:12: HunterzXP đã sử dụng lệnh '/trails list'
2016-08-07 19:24:14: HunterzXP đã sử dụng lệnh '/trails fire'
2016-08-07 19:24:18: HunterzXP đã sử dụng lệnh '/trails loot'
2016-08-08 07:59:37: Hankerchief đã sử dụng lệnh '/gmc'
2016-08-08 07:59:40: Hankerchief đã sử dụng lệnh '/pl'
2016-08-08 07:59:57: Hankerchief đã sử dụng lệnh '/asd'
2016-08-09 13:20:45: SooS đã sử dụng lệnh '/pl'
2016-08-09 13:20:47: SooS đã sử dụng lệnh '/op'
2016-08-09 13:21:46: SooS đã sử dụng lệnh '/'
2016-08-09 13:21:52: SooS đã sử dụng lệnh '/is'
2016-08-09 13:22:04: SooS đã sử dụng lệnh '/is lang'
2016-08-09 13:22:08: SooS đã sử dụng lệnh '/is lang English'
2016-08-09 13:22:10: SooS đã sử dụng lệnh '/is'
2016-08-09 13:22:17: SooS đã sử dụng lệnh '/is'
2016-08-09 13:24:16: SooS đã sử dụng lệnh '/is warp'
2016-08-09 13:24:17: SooS đã sử dụng lệnh '/is warps'
2016-08-09 13:24:26: SooS đã sử dụng lệnh '/pl'
2016-08-09 13:24:28: SooS đã sử dụng lệnh '/bukkit:help'
2016-08-09 13:24:30: SooS đã sử dụng lệnh '/bukkit:help 2'
2016-08-09 13:24:34: SooS đã sử dụng lệnh '/bukkit:help 3'
2016-08-09 13:24:35: SooS đã sử dụng lệnh '/cr'
2016-08-09 13:25:50: SooS đã sử dụng lệnh '/is'
